
Mon, 27 Sep 2021 12:36:12 GMT | ERROR  | HTTP 404: ask for:  http://localhost:3000/boutique
Mon, 27 Sep 2021 12:37:00 GMT | ERROR  | HTTP 404: ask for:  http://localhost:3000/api/boutique
Mon, 27 Sep 2021 12:37:33 GMT | ERROR  | HTTP 404: ask for:  http://localhost:3000/
Mon, 27 Sep 2021 12:37:33 GMT | ERROR  | HTTP 404: ask for:  http://localhost:3000/favicon.ico
Mon, 27 Sep 2021 12:37:39 GMT | ERROR  | HTTP 404: ask for:  http://localhost:3000/todos
Mon, 27 Sep 2021 12:40:01 GMT | ERROR  | HTTP 404: ask for:  http://localhost:3000/boutique
Mon, 27 Sep 2021 12:40:35 GMT | ERROR  | HTTP 404: ask for:  http://localhost:3000/categorie
Mon, 27 Sep 2021 12:44:39 GMT | ERROR  | HTTP 404: ask for:  http://localhost:3000/categorie
Mon, 27 Sep 2021 12:47:05 GMT | ERROR  | HTTP 404: ask for:  http://localhost:3000/todos
Mon, 27 Sep 2021 12:47:11 GMT | ERROR  | HTTP 404: ask for:  http://localhost:3000/boutiques
Mon, 27 Sep 2021 12:56:07 GMT | ERROR  | HTTP 404: ask for:  http://localhost:3000/boutique
Mon, 27 Sep 2021 13:06:06 GMT | ERROR  | HTTP 404: ask for:  http://localhost:3000/boutique?6151beefc20e3c32ac199f06
Mon, 27 Sep 2021 13:09:37 GMT | ERROR  | HTTP 404: ask for:  http://localhost:3000/categories
Fri, 01 Oct 2021 13:19:32 GMT | ERROR  | HTTP 404: ask for:  http://localhost:3000/
Fri, 01 Oct 2021 13:19:33 GMT | ERROR  | HTTP 404: ask for:  http://localhost:3000/favicon.ico
Fri, 01 Oct 2021 13:47:26 GMT | ERROR  | HTTP 404: ask for:  http://localhost:3000/categorie?6151c278c20e3c32ac199f0f
Fri, 01 Oct 2021 13:47:33 GMT | ERROR  | HTTP 404: ask for:  http://localhost:3000/categorie/?6151c278c20e3c32ac199f0f
Fri, 01 Oct 2021 13:50:38 GMT | ERROR  | HTTP 404: ask for:  http://localhost:3000/categorie
Fri, 01 Oct 2021 14:16:48 GMT | ERROR  | HTTP 404: ask for:  http://localhost:3000/boutique
Fri, 01 Oct 2021 14:29:48 GMT | ERROR  | HTTP 404: ask for:  http://localhost:3000/Boutique
Fri, 01 Oct 2021 14:30:17 GMT | ERROR  | HTTP 404: ask for:  http://localhost:3000/Boutiques
Fri, 01 Oct 2021 14:31:36 GMT | ERROR  | HTTP 404: ask for:  http://localhost:3000/Boutique
Fri, 01 Oct 2021 14:33:45 GMT | ERROR  | HTTP 404: ask for:  http://localhost:3000/Categories
Mon, 08 Nov 2021 14:10:11 GMT | ERROR  | HTTP 404: ask for:  http://localhost:3000/Produit
Mon, 08 Nov 2021 14:10:28 GMT | ERROR  | HTTP 404: ask for:  http://localhost:3000/Categorie
Mon, 08 Nov 2021 14:14:28 GMT | ERROR  | HTTP 404: ask for:  http://localhost:3000/Categorie
Mon, 08 Nov 2021 14:19:41 GMT | ERROR  | HTTP 404: ask for:  http://localhost:3000/
Thu, 18 Nov 2021 10:24:01 GMT | ERROR  | HTTP 404: ask for:  http://localhost:3000/api/v1/todo/6189394fddbdc134d8fc1e77
Thu, 18 Nov 2021 10:24:04 GMT | ERROR  | HTTP 404: ask for:  http://localhost:3000/api/v1/todo/6189394fddbdc134d8fc1e77
Thu, 18 Nov 2021 10:24:05 GMT | ERROR  | HTTP 404: ask for:  http://localhost:3000/api/v1/todo/6189394fddbdc134d8fc1e77
Thu, 18 Nov 2021 10:24:05 GMT | ERROR  | HTTP 404: ask for:  http://localhost:3000/api/v1/todo/6189394fddbdc134d8fc1e77
Thu, 18 Nov 2021 10:24:05 GMT | ERROR  | HTTP 404: ask for:  http://localhost:3000/api/v1/todo/6189394fddbdc134d8fc1e77
Thu, 18 Nov 2021 10:24:06 GMT | ERROR  | HTTP 404: ask for:  http://localhost:3000/api/v1/todo/6189394fddbdc134d8fc1e77
Thu, 18 Nov 2021 10:24:06 GMT | ERROR  | HTTP 404: ask for:  http://localhost:3000/api/v1/todo/6189394fddbdc134d8fc1e77
Thu, 18 Nov 2021 10:24:06 GMT | ERROR  | HTTP 404: ask for:  http://localhost:3000/api/v1/todo/6189394fddbdc134d8fc1e77
