Mon, 27 Sep 2021 12:34:20 GMT | INFO  | Server is running on port: 3000
Mon, 27 Sep 2021 12:34:20 GMT | INFO  | Connected to database
Mon, 27 Sep 2021 12:39:55 GMT | INFO  | Server is running on port: 3000
Mon, 27 Sep 2021 12:39:55 GMT | INFO  | Connected to database
Mon, 27 Sep 2021 12:44:34 GMT | INFO  | Server is running on port: 3000
Mon, 27 Sep 2021 12:44:34 GMT | INFO  | Connected to database
Mon, 27 Sep 2021 12:53:57 GMT | INFO  | Server is running on port: 3000
Mon, 27 Sep 2021 12:53:57 GMT | INFO  | Connected to database
Fri, 01 Oct 2021 13:19:21 GMT | INFO  | Server is running on port: 3000
Fri, 01 Oct 2021 13:19:21 GMT | INFO  | Connected to database
Fri, 01 Oct 2021 13:34:31 GMT | INFO  | Server is running on port: 3000
Fri, 01 Oct 2021 13:34:31 GMT | INFO  | Connected to database
Fri, 01 Oct 2021 13:38:18 GMT | INFO  | Server is running on port: 3000
Fri, 01 Oct 2021 13:38:18 GMT | INFO  | Connected to database
Fri, 01 Oct 2021 13:41:57 GMT | INFO  | Server is running on port: 3000
Fri, 01 Oct 2021 13:41:57 GMT | INFO  | Connected to database
Fri, 01 Oct 2021 13:43:47 GMT | INFO  | Server is running on port: 3000
Fri, 01 Oct 2021 13:43:47 GMT | INFO  | Connected to database
Fri, 01 Oct 2021 13:45:19 GMT | INFO  | Server is running on port: 3000
Fri, 01 Oct 2021 13:45:19 GMT | INFO  | Connected to database
Fri, 01 Oct 2021 13:49:32 GMT | INFO  | Server is running on port: 3000
Fri, 01 Oct 2021 13:49:32 GMT | INFO  | Connected to database
Fri, 01 Oct 2021 13:56:29 GMT | INFO  | Server is running on port: 3000
Fri, 01 Oct 2021 13:56:29 GMT | INFO  | Connected to database
Fri, 01 Oct 2021 13:59:19 GMT | INFO  | Server is running on port: 3000
Fri, 01 Oct 2021 13:59:19 GMT | INFO  | Connected to database
Fri, 01 Oct 2021 14:16:39 GMT | INFO  | Server is running on port: 3000
Fri, 01 Oct 2021 14:16:39 GMT | INFO  | Connected to database
Fri, 01 Oct 2021 14:29:26 GMT | INFO  | Server is running on port: 3000
Fri, 01 Oct 2021 14:29:26 GMT | INFO  | Connected to database
Fri, 01 Oct 2021 14:41:38 GMT | INFO  | Server is running on port: 3000
Fri, 01 Oct 2021 14:41:38 GMT | INFO  | Connected to database
Mon, 08 Nov 2021 14:07:22 GMT | INFO  | Server is running on port: 3000
Mon, 08 Nov 2021 14:07:22 GMT | INFO  | Connected to database
Mon, 08 Nov 2021 14:13:31 GMT | INFO  | Server is running on port: 3000
Mon, 08 Nov 2021 14:13:31 GMT | INFO  | Connected to database
Mon, 08 Nov 2021 14:26:10 GMT | INFO  | Server is running on port: 3000
Mon, 08 Nov 2021 14:26:10 GMT | INFO  | Connected to database
Thu, 18 Nov 2021 09:29:45 GMT | INFO  | Server is running on port: 3000
Thu, 18 Nov 2021 09:29:45 GMT | INFO  | Connected to database
Thu, 18 Nov 2021 10:20:38 GMT | INFO  | Server is running on port: 3000
Thu, 18 Nov 2021 10:20:38 GMT | INFO  | Connected to database
Wed, 24 Nov 2021 07:10:02 GMT | INFO  | Server is running on port: 3000
Wed, 24 Nov 2021 07:10:02 GMT | INFO  | Connected to database
Wed, 24 Nov 2021 09:56:06 GMT | INFO  | Server is running on port: 3000
Wed, 24 Nov 2021 09:56:06 GMT | INFO  | Connected to database
Wed, 24 Nov 2021 09:57:54 GMT | INFO  | Server is running on port: 3000
Wed, 24 Nov 2021 09:57:54 GMT | INFO  | Connected to database
Wed, 24 Nov 2021 09:59:37 GMT | INFO  | Server is running on port: 3000
Wed, 24 Nov 2021 09:59:37 GMT | INFO  | Connected to database
Wed, 24 Nov 2021 10:06:43 GMT | INFO  | Server is running on port: 3000
Wed, 24 Nov 2021 10:06:43 GMT | INFO  | Connected to database
Fri, 26 Nov 2021 11:39:53 GMT | INFO  | Server is running on port: 3000
Fri, 26 Nov 2021 11:39:53 GMT | INFO  | Connected to database
Fri, 26 Nov 2021 13:44:24 GMT | INFO  | Server is running on port: 3000
Fri, 26 Nov 2021 13:44:24 GMT | INFO  | Connected to database
Fri, 26 Nov 2021 13:57:41 GMT | INFO  | Server is running on port: 3000
Fri, 26 Nov 2021 13:57:41 GMT | INFO  | Connected to database
Fri, 26 Nov 2021 14:11:00 GMT | INFO  | Server is running on port: 3000
Fri, 26 Nov 2021 14:11:00 GMT | INFO  | Connected to database
Sun, 28 Nov 2021 16:28:24 GMT | INFO  | Server is running on port: 3000
Sun, 28 Nov 2021 16:28:24 GMT | INFO  | Connected to database
Sun, 28 Nov 2021 17:11:54 GMT | INFO  | Server is running on port: 3000
Sun, 28 Nov 2021 17:11:54 GMT | INFO  | Connected to database
Sun, 28 Nov 2021 20:45:44 GMT | INFO  | Server is running on port: 3000
Sun, 28 Nov 2021 20:45:44 GMT | INFO  | Connected to database
