Wed, 22 Sep 2021 14:08:23 GMT | ERROR  | HTTP 404: ask for:  http://localhost:3000/
Wed, 22 Sep 2021 14:08:29 GMT | ERROR  | HTTP 404: ask for:  http://localhost:3000/romain
Wed, 22 Sep 2021 14:22:51 GMT | ERROR  | HTTP 404: ask for:  http://localhost:3000/todo
Wed, 22 Sep 2021 14:33:45 GMT | ERROR  | HTTP 404: ask for:  http://localhost:3000/
Thu, 23 Sep 2021 06:30:08 GMT | ERROR  | HTTP 404: ask for:  http://localhost:3000/
Thu, 23 Sep 2021 06:30:09 GMT | ERROR  | HTTP 404: ask for:  http://localhost:3000/favicon.ico
Thu, 23 Sep 2021 07:33:02 GMT | ERROR  | HTTP 404: ask for:  http://localhost:3000/todo?id=614c265d6240360ac0297197
Thu, 23 Sep 2021 07:33:49 GMT | ERROR  | HTTP 404: ask for:  http://localhost:3000/todo/?id=614c265d6240360ac0297197
Mon, 27 Sep 2021 12:37:46 GMT | ERROR  | HTTP 404: ask for:  http://localhost:3000/Boutique
Mon, 27 Sep 2021 12:38:01 GMT | ERROR  | HTTP 404: ask for:  http://localhost:3000/Todo
Mon, 27 Sep 2021 12:38:06 GMT | ERROR  | HTTP 404: ask for:  http://localhost:3000/Boutique
Mon, 27 Sep 2021 12:38:10 GMT | ERROR  | HTTP 404: ask for:  http://localhost:3000/
Mon, 27 Sep 2021 12:38:14 GMT | ERROR  | HTTP 404: ask for:  http://localhost:3000/
Mon, 27 Sep 2021 12:39:01 GMT | ERROR  | HTTP 404: ask for:  http://localhost:3000/
Mon, 27 Sep 2021 12:39:05 GMT | ERROR  | HTTP 404: ask for:  http://localhost:3000/Boutique
Mon, 27 Sep 2021 12:40:18 GMT | ERROR  | HTTP 404: ask for:  http://localhost:3000/Categories
Mon, 27 Sep 2021 12:40:19 GMT | ERROR  | HTTP 404: ask for:  http://localhost:3000/Categories
Mon, 27 Sep 2021 12:40:20 GMT | ERROR  | HTTP 404: ask for:  http://localhost:3000/Categories*
Mon, 27 Sep 2021 12:40:26 GMT | ERROR  | HTTP 404: ask for:  http://localhost:3000/Categories*
Mon, 27 Sep 2021 12:41:00 GMT | ERROR  | HTTP 404: ask for:  http://localhost:3000/Categories
Mon, 27 Sep 2021 12:41:00 GMT | ERROR  | HTTP 404: ask for:  http://localhost:3000/Categories
Mon, 27 Sep 2021 12:41:35 GMT | ERROR  | HTTP 404: ask for:  http://localhost:3000/Boutique
Mon, 27 Sep 2021 12:42:01 GMT | ERROR  | HTTP 404: ask for:  http://localhost:3000/Boutique
