Wed, 22 Sep 2021 14:08:21 GMT | INFO  | Server is running on port: 3000
Wed, 22 Sep 2021 14:33:36 GMT | INFO  | Server is running on port: 3000
Wed, 22 Sep 2021 14:33:36 GMT | INFO  | Connected to database
Thu, 23 Sep 2021 06:30:06 GMT | INFO  | Server is running on port: 3000
Thu, 23 Sep 2021 06:30:06 GMT | INFO  | Connected to database
Thu, 23 Sep 2021 06:40:06 GMT | INFO  | Server is running on port: 3000
Thu, 23 Sep 2021 06:40:06 GMT | INFO  | Connected to database
Thu, 23 Sep 2021 06:40:32 GMT | INFO  | Server is running on port: 3000
Thu, 23 Sep 2021 06:40:32 GMT | INFO  | Connected to database
Thu, 23 Sep 2021 07:01:43 GMT | INFO  | Server is running on port: 3000
Thu, 23 Sep 2021 07:01:43 GMT | INFO  | Connected to database
Thu, 23 Sep 2021 07:28:32 GMT | INFO  | Server is running on port: 3000
Thu, 23 Sep 2021 07:28:32 GMT | INFO  | Connected to database
Thu, 23 Sep 2021 07:31:00 GMT | INFO  | Server is running on port: 3000
Thu, 23 Sep 2021 07:31:00 GMT | INFO  | Connected to database
Thu, 23 Sep 2021 07:35:41 GMT | INFO  | Server is running on port: 3000
Thu, 23 Sep 2021 07:35:41 GMT | INFO  | Connected to database
Thu, 23 Sep 2021 07:40:21 GMT | INFO  | Server is running on port: 3000
Thu, 23 Sep 2021 07:40:21 GMT | INFO  | Connected to database
Mon, 27 Sep 2021 12:01:00 GMT | INFO  | Server is running on port: 3000
Mon, 27 Sep 2021 12:01:01 GMT | INFO  | Connected to database
Mon, 27 Sep 2021 12:30:04 GMT | INFO  | Server is running on port: 3000
Mon, 27 Sep 2021 12:30:04 GMT | INFO  | Connected to database
Mon, 27 Sep 2021 12:58:13 GMT | INFO  | Server is running on port: 3000
Mon, 27 Sep 2021 12:58:13 GMT | INFO  | Connected to database
